#
# There is insufficient memory for the Java Runtime Environment to continue.
# Native memory allocation (malloc) failed to allocate 243136 bytes for Chunk::new
# Possible reasons:
#   The system is out of physical RAM or swap space
#   In 32 bit mode, the process size limit was hit
# Possible solutions:
#   Reduce memory load on the system
#   Increase physical memory or swap space
#   Check if swap backing store is full
#   Use 64 bit Java on a 64 bit OS
#   Decrease Java heap size (-Xmx/-Xms)
#   Decrease number of Java threads
#   Decrease Java thread stack sizes (-Xss)
#   Set larger code cache with -XX:ReservedCodeCacheSize=
# This output file may be truncated or incomplete.
#
#  Out of Memory Error (allocation.cpp:328), pid=3320, tid=8060
#
# JRE version: 7.0_25-b17
# Java VM: Java HotSpot(TM) 64-Bit Server VM (23.25-b01 mixed mode windows-amd64 compressed oops)
# Failed to write core dump. Minidumps are not enabled by default on client versions of Windows
#

---------------  T H R E A D  ---------------

Current thread (0x0000000008f40000):  JavaThread "C2 CompilerThread0" daemon [_thread_in_native, id=8060, stack(0x000000000a520000,0x000000000a620000)]

Stack: [0x000000000a520000,0x000000000a620000]

Current CompileTask:
C2:   2018   70             sun.security.provider.SHA::implCompress (491 bytes)


---------------  P R O C E S S  ---------------

Java Threads: ( => current thread )
  0x0000000008f52000 JavaThread "Service Thread" daemon [_thread_blocked, id=100, stack(0x000000000a720000,0x000000000a820000)]
  0x0000000008f4a000 JavaThread "C2 CompilerThread1" daemon [_thread_blocked, id=156, stack(0x000000000a620000,0x000000000a720000)]
=>0x0000000008f40000 JavaThread "C2 CompilerThread0" daemon [_thread_in_native, id=8060, stack(0x000000000a520000,0x000000000a620000)]
  0x0000000008f3f000 JavaThread "Attach Listener" daemon [_thread_blocked, id=6980, stack(0x000000000a420000,0x000000000a520000)]
  0x0000000008f3c000 JavaThread "Signal Dispatcher" daemon [_thread_blocked, id=7156, stack(0x000000000a320000,0x000000000a420000)]
  0x0000000008ed8000 JavaThread "Finalizer" daemon [_thread_blocked, id=9088, stack(0x000000000a220000,0x000000000a320000)]
  0x0000000008ecf000 JavaThread "Reference Handler" daemon [_thread_blocked, id=1500, stack(0x000000000a120000,0x000000000a220000)]
  0x000000000296e000 JavaThread "main" [_thread_in_Java, id=4880, stack(0x00000000027b0000,0x00000000028b0000)]

Other Threads:
  0x0000000008ec7800 VMThread [stack: 0x000000000a020000,0x000000000a120000] [id=7768]
  0x0000000008f5f000 WatcherThread [stack: 0x000000000a820000,0x000000000a920000] [id=196]

VM state:not at safepoint (normal execution)

VM Mutex/Monitor currently owned by a thread: None

Heap
 PSYoungGen      total 38208K, used 11837K [0x00000000eaab0000, 0x00000000ed550000, 0x0000000100000000)
  eden space 32768K, 36% used [0x00000000eaab0000,0x00000000eb63f700,0x00000000ecab0000)
  from space 5440K, 0% used [0x00000000ed000000,0x00000000ed000000,0x00000000ed550000)
  to   space 5440K, 0% used [0x00000000ecab0000,0x00000000ecab0000,0x00000000ed000000)
 ParOldGen       total 87296K, used 0K [0x00000000c0000000, 0x00000000c5540000, 0x00000000eaab0000)
  object space 87296K, 0% used [0x00000000c0000000,0x00000000c0000000,0x00000000c5540000)
 PSPermGen       total 21248K, used 5911K [0x00000000bae00000, 0x00000000bc2c0000, 0x00000000c0000000)
  object space 21248K, 27% used [0x00000000bae00000,0x00000000bb3c5d90,0x00000000bc2c0000)

Card table byte_map: [0x0000000005b30000,0x0000000005d60000] byte_map_base: 0x0000000005559000

Polling page: 0x0000000002770000

Code Cache  [0x0000000002a70000, 0x0000000002ce0000, 0x0000000005a70000)
 total_blobs=308 nmethods=69 adapters=190 free_code_cache=48654Kb largest_free_block=49803200

Compilation events (10 events):
Event: 1.909 Thread 0x0000000008f4a000 nmethod 65 0x0000000002ae5b50 code [0x0000000002ae5ca0, 0x0000000002ae5d78]
Event: 1.958 Thread 0x0000000008f40000   66   !         com.android.dx.util.FixedSizeList::set0 (22 bytes)
Event: 1.960 Thread 0x0000000008f40000 nmethod 66 0x0000000002ae57d0 code [0x0000000002ae5920, 0x0000000002ae5a18]
Event: 1.961 Thread 0x0000000008f4a000   67             com.android.dx.rop.code.BasicBlockList::get (9 bytes)
Event: 1.962 Thread 0x0000000008f40000   68             com.android.dx.rop.cst.CstString::compareTo0 (15 bytes)
Event: 1.962 Thread 0x0000000008f4a000 nmethod 67 0x0000000002ae5490 code [0x0000000002ae55e0, 0x0000000002ae5698]
Event: 1.963 Thread 0x0000000008f40000 nmethod 68 0x0000000002ae75d0 code [0x0000000002ae7720, 0x0000000002ae7898]
Event: 1.990 Thread 0x0000000008f4a000   69             java.util.Properties$LineReader::readLine (452 bytes)
Event: 2.003 Thread 0x0000000008f4a000 nmethod 69 0x0000000002aee250 code [0x0000000002aee3e0, 0x0000000002aeeb58]
Event: 2.007 Thread 0x0000000008f40000   70             sun.security.provider.SHA::implCompress (491 bytes)

GC Heap History (0 events):
No events

Deoptimization events (4 events):
Event: 1.617 Thread 0x000000000296e000 Uncommon trap -34 fr.pc 0x0000000002ae2e40
Event: 1.617 Thread 0x000000000296e000 Uncommon trap -34 fr.pc 0x0000000002ae2e40
Event: 1.617 Thread 0x000000000296e000 Uncommon trap -34 fr.pc 0x0000000002ae2e40
Event: 1.618 Thread 0x000000000296e000 Uncommon trap -34 fr.pc 0x0000000002ae2e40

Internal exceptions (10 events):
Event: 1.950 Thread 0x000000000296e000 Threw 0x00000000eb53eb98 at C:\jdk7u2_64p\jdk7u25\hotspot\src\share\vm\prims\jvm.cpp:1235
Event: 1.951 Thread 0x000000000296e000 Threw 0x00000000eb541c18 at C:\jdk7u2_64p\jdk7u25\hotspot\src\share\vm\prims\jvm.cpp:1235
Event: 1.962 Thread 0x000000000296e000 Threw 0x00000000eb557dc8 at C:\jdk7u2_64p\jdk7u25\hotspot\src\share\vm\prims\jvm.cpp:1235
Event: 1.964 Thread 0x000000000296e000 Threw 0x00000000eb5639b0 at C:\jdk7u2_64p\jdk7u25\hotspot\src\share\vm\prims\jvm.cpp:1235
Event: 1.965 Thread 0x000000000296e000 Threw 0x00000000eb566560 at C:\jdk7u2_64p\jdk7u25\hotspot\src\share\vm\prims\jvm.cpp:1235
Event: 1.969 Thread 0x000000000296e000 Threw 0x00000000eb57a1e0 at C:\jdk7u2_64p\jdk7u25\hotspot\src\share\vm\prims\jvm.cpp:1235
Event: 1.973 Thread 0x000000000296e000 Threw 0x00000000eb593178 at C:\jdk7u2_64p\jdk7u25\hotspot\src\share\vm\prims\jvm.cpp:1235
Event: 1.974 Thread 0x000000000296e000 Threw 0x00000000eb598638 at C:\jdk7u2_64p\jdk7u25\hotspot\src\share\vm\prims\jvm.cpp:1235
Event: 1.976 Thread 0x000000000296e000 Threw 0x00000000eb5a2398 at C:\jdk7u2_64p\jdk7u25\hotspot\src\share\vm\prims\jvm.cpp:1235
Event: 1.984 Thread 0x000000000296e000 Threw 0x00000000eb5a5760 at C:\jdk7u2_64p\jdk7u25\hotspot\src\share\vm\prims\jvm.cpp:1235

Events (10 events):
Event: 2.014 loading class 0x000000000aa82ee0
Event: 2.014 loading class 0x000000000aa82ee0 done
Event: 2.014 loading class 0x000000000aa832e0 done
Event: 2.014 loading class 0x0000000008f67bd0 done
Event: 2.014 loading class 0x000000000aa77aa0
Event: 2.015 loading class 0x000000000aa77aa0 done
Event: 2.015 loading class 0x000000000aa775f0
Event: 2.015 loading class 0x000000000aa775f0 done
Event: 2.015 loading class 0x000000000aa83d20
Event: 2.015 loading class 0x000000000aa83d20 done


Dynamic libraries:
0x00007ff6c5f10000 - 0x00007ff6c5f43000 	C:\Program Files\Java\jdk1.7.0_25\bin\java.exe
0x00007ffda6e40000 - 0x00007ffda6fec000 	C:\WINDOWS\SYSTEM32\ntdll.dll
0x00007ffda6bc0000 - 0x00007ffda6cfe000 	C:\WINDOWS\system32\KERNEL32.DLL
0x00007ffda4060000 - 0x00007ffda4175000 	C:\WINDOWS\system32\KERNELBASE.dll
0x00007ffda2b30000 - 0x00007ffda2bbe000 	C:\WINDOWS\system32\apphelp.dll
0x00007ffd8eed0000 - 0x00007ffd8ef23000 	C:\WINDOWS\AppPatch\AppPatch64\AcGenral.DLL
0x00007ffda6840000 - 0x00007ffda68ea000 	C:\WINDOWS\system32\msvcrt.dll
0x00007ffda3e30000 - 0x00007ffda3e5e000 	C:\WINDOWS\SYSTEM32\SspiCli.dll
0x00007ffda6d00000 - 0x00007ffda6d54000 	C:\WINDOWS\system32\SHLWAPI.dll
0x00007ffda68f0000 - 0x00007ffda6a67000 	C:\WINDOWS\system32\USER32.dll
0x00007ffda60a0000 - 0x00007ffda6234000 	C:\WINDOWS\system32\ole32.dll
0x00007ffda4620000 - 0x00007ffda5b38000 	C:\WINDOWS\system32\SHELL32.dll
0x00007ffda35b0000 - 0x00007ffda35d1000 	C:\WINDOWS\SYSTEM32\USERENV.dll
0x00007ffda5e70000 - 0x00007ffda5f1a000 	C:\WINDOWS\system32\ADVAPI32.dll
0x00007ffd97d70000 - 0x00007ffd97d8e000 	C:\WINDOWS\SYSTEM32\MPR.dll
0x00007ffda6a70000 - 0x00007ffda6bb1000 	C:\WINDOWS\system32\RPCRT4.dll
0x00007ffda6de0000 - 0x00007ffda6e39000 	C:\WINDOWS\SYSTEM32\sechost.dll
0x00007ffda63e0000 - 0x00007ffda65f1000 	C:\WINDOWS\SYSTEM32\combase.dll
0x00007ffda44c0000 - 0x00007ffda4611000 	C:\WINDOWS\system32\GDI32.dll
0x00007ffda3f90000 - 0x00007ffda3fa5000 	C:\WINDOWS\SYSTEM32\profapi.dll
0x00007ffda2a50000 - 0x00007ffda2b02000 	C:\WINDOWS\SYSTEM32\SHCORE.dll
0x00007ffda5c10000 - 0x00007ffda5c46000 	C:\WINDOWS\system32\IMM32.DLL
0x00007ffda5f40000 - 0x00007ffda6092000 	C:\WINDOWS\system32\MSCTF.dll
0x00007ffda14c0000 - 0x00007ffda173b000 	C:\WINDOWS\WinSxS\amd64_microsoft.windows.common-controls_6595b64144ccf1df_6.0.9600.17784_none_624760d1ecb7236e\COMCTL32.dll
0x000000006c1c0000 - 0x000000006c291000 	C:\Program Files\Java\jdk1.7.0_25\jre\bin\msvcr100.dll
0x000000006c4b0000 - 0x000000006cbbf000 	C:\Program Files\Java\jdk1.7.0_25\jre\bin\server\jvm.dll
0x00007ffd9ddf0000 - 0x00007ffd9ddf9000 	C:\WINDOWS\SYSTEM32\WSOCK32.dll
0x00007ffda0de0000 - 0x00007ffda0e02000 	C:\WINDOWS\SYSTEM32\WINMM.dll
0x00007ffda6310000 - 0x00007ffda6317000 	C:\WINDOWS\system32\PSAPI.DLL
0x00007ffda67e0000 - 0x00007ffda683a000 	C:\WINDOWS\system32\WS2_32.dll
0x00007ffda0db0000 - 0x00007ffda0dda000 	C:\WINDOWS\SYSTEM32\WINMMBASE.dll
0x00007ffda5b40000 - 0x00007ffda5b49000 	C:\WINDOWS\system32\NSI.dll
0x00007ffda4470000 - 0x00007ffda44bf000 	C:\WINDOWS\SYSTEM32\cfgmgr32.dll
0x00007ffda2d80000 - 0x00007ffda2da8000 	C:\WINDOWS\SYSTEM32\DEVOBJ.dll
0x000000006d1b0000 - 0x000000006d1bf000 	C:\Program Files\Java\jdk1.7.0_25\jre\bin\verify.dll
0x000000006d180000 - 0x000000006d1a8000 	C:\Program Files\Java\jdk1.7.0_25\jre\bin\java.dll
0x000000006d160000 - 0x000000006d175000 	C:\Program Files\Java\jdk1.7.0_25\jre\bin\zip.dll
0x000000006d140000 - 0x000000006d159000 	C:\Program Files\Java\jdk1.7.0_25\jre\bin\net.dll
0x00007ffda3870000 - 0x00007ffda38c9000 	C:\WINDOWS\system32\mswsock.dll
0x000000006d120000 - 0x000000006d131000 	C:\Program Files\Java\jdk1.7.0_25\jre\bin\nio.dll

VM Arguments:
jvm_args: -Xmx1024M -Dfile.encoding=UTF-8 -Duser.country=US -Duser.language=en -Duser.variant 
java_command: com.android.dx.command.Main --dex --output C:\Users\Edouard\Dropbox\Projets\BeeLee\v2\beelee\presentation\build\intermediates\pre-dexed\debug\dagger-2.0-e3d71a198a251952f6990ec906e64694fba3b08e.jar C:\Users\Edouard\.gradle\caches\modules-2\files-2.1\com.google.dagger\dagger\2.0\da7ba0ee1d30edd955da276cdf01d3d7cb24aedc\dagger-2.0.jar
Launcher Type: SUN_STANDARD

Environment Variables:
JAVA_HOME=C:\Program Files\Java\jdk1.7.0_25
PATH=C:\ProgramData\Oracle\Java\javapath;C:\WINDOWS\system32;C:\WINDOWS;C:\WINDOWS\System32\Wbem;C:\WINDOWS\System32\WindowsPowerShell\v1.0\;C:\Program Files (x86)\Java\jre7\bin;C:\Program Files (x86)\Git\cmd;C:\Program Files\OpenVPN\bin;C:\Program Files (x86)\Dell\SysMgt\rac5;C:\Program Files (x86)\Skype\Phone\;C:\Program Files (x86)\Dell\AdvDiags\DSET\bin;C:\Program Files (x86)\Druide\Antidote
USERNAME=Edouard
OS=Windows_NT
PROCESSOR_IDENTIFIER=Intel64 Family 6 Model 37 Stepping 5, GenuineIntel



---------------  S Y S T E M  ---------------

OS: Windows 8 , 64 bit Build 9200 

CPU:total 4 (2 cores per cpu, 2 threads per core) family 6 model 37 stepping 5, cmov, cx8, fxsr, mmx, sse, sse2, sse3, ssse3, sse4.1, sse4.2, popcnt, ht, tsc, tscinvbit

Memory: 4k page, physical 8378192k(1411768k free), swap 13093712k(3500k free)

vm_info: Java HotSpot(TM) 64-Bit Server VM (23.25-b01) for windows-amd64 JRE (1.7.0_25-b17), built on Jun 21 2013 12:58:32 by "java_re" with unknown MS VC++:1600

time: Tue May 26 19:31:47 2015
elapsed time: 2 seconds

