#
# There is insufficient memory for the Java Runtime Environment to continue.
# Native memory allocation (malloc) failed to allocate 1048576 bytes for AllocateHeap
# Possible reasons:
#   The system is out of physical RAM or swap space
#   In 32 bit mode, the process size limit was hit
# Possible solutions:
#   Reduce memory load on the system
#   Increase physical memory or swap space
#   Check if swap backing store is full
#   Use 64 bit Java on a 64 bit OS
#   Decrease Java heap size (-Xmx/-Xms)
#   Decrease number of Java threads
#   Decrease Java thread stack sizes (-Xss)
#   Set larger code cache with -XX:ReservedCodeCacheSize=
# This output file may be truncated or incomplete.
#
#  Out of Memory Error (memory/allocation.inline.hpp:60), pid=5896, tid=8700
#
# JRE version: 7.0_25-b17
# Java VM: Java HotSpot(TM) 64-Bit Server VM (23.25-b01 mixed mode windows-amd64 compressed oops)
# Failed to write core dump. Minidumps are not enabled by default on client versions of Windows
#

---------------  T H R E A D  ---------------

Current thread (0x0000000000c1e000):  JavaThread "Unknown thread" [_thread_in_vm, id=8700, stack(0x0000000002400000,0x0000000002500000)]

Stack: [0x0000000002400000,0x0000000002500000]

---------------  P R O C E S S  ---------------

Java Threads: ( => current thread )

Other Threads:

=>0x0000000000c1e000 (exited) JavaThread "Unknown thread" [_thread_in_vm, id=8700, stack(0x0000000002400000,0x0000000002500000)]

VM state:not at safepoint (normal execution)

VM Mutex/Monitor currently owned by a thread: None

Heap
 PSYoungGen      total 38208K, used 655K [0x00000000eaab0000, 0x00000000ed550000, 0x0000000100000000)
  eden space 32768K, 2% used [0x00000000eaab0000,0x00000000eab53de0,0x00000000ecab0000)
  from space 5440K, 0% used [0x00000000ed000000,0x00000000ed000000,0x00000000ed550000)
  to   space 5440K, 0% used [0x00000000ecab0000,0x00000000ecab0000,0x00000000ed000000)
 ParOldGen       total 87296K, used 0K [0x00000000c0000000, 0x00000000c5540000, 0x00000000eaab0000)
  object space 87296K, 0% used [0x00000000c0000000,0x00000000c0000000,0x00000000c5540000)
 PSPermGen       total 21248K, used 709K [0x00000000bae00000, 0x00000000bc2c0000, 0x00000000c0000000)
  object space 21248K, 3% used [0x00000000bae00000,0x00000000baeb1418,0x00000000bc2c0000)

Card table byte_map: [0x00000000056f0000,0x0000000005920000] byte_map_base: 0x0000000005119000

Polling page: 0x0000000002500000

Code Cache  [0x0000000002630000, 0x00000000028a0000, 0x0000000005630000)
 total_blobs=39 nmethods=0 adapters=20 free_code_cache=48889Kb largest_free_block=50062848

Compilation events (0 events):
No events

GC Heap History (0 events):
No events

Deoptimization events (0 events):
No events

Internal exceptions (0 events):
No events

Events (10 events):
Event: 0.048 loading class 0x000000000257a910
Event: 0.048 loading class 0x000000000257a910 done
Event: 0.048 loading class 0x000000000257ab20
Event: 0.048 loading class 0x000000000257ab20 done
Event: 0.048 loading class 0x000000000257a880
Event: 0.048 loading class 0x000000000257a880 done
Event: 0.052 loading class 0x000000000256e050
Event: 0.052 loading class 0x000000000256e050 done
Event: 0.052 loading class 0x000000000256ea90
Event: 0.052 loading class 0x000000000256ea90 done


Dynamic libraries:
0x00007ff6c5f10000 - 0x00007ff6c5f43000 	C:\Program Files\Java\jdk1.7.0_25\bin\java.exe
0x00007ffda6e40000 - 0x00007ffda6fec000 	C:\WINDOWS\SYSTEM32\ntdll.dll
0x00007ffda6bc0000 - 0x00007ffda6cfe000 	C:\WINDOWS\system32\KERNEL32.DLL
0x00007ffda4060000 - 0x00007ffda4175000 	C:\WINDOWS\system32\KERNELBASE.dll
0x00007ffda2b30000 - 0x00007ffda2bbe000 	C:\WINDOWS\system32\apphelp.dll
0x00007ffd8eed0000 - 0x00007ffd8ef23000 	C:\WINDOWS\AppPatch\AppPatch64\AcGenral.DLL
0x00007ffda6840000 - 0x00007ffda68ea000 	C:\WINDOWS\system32\msvcrt.dll
0x00007ffda3e30000 - 0x00007ffda3e5e000 	C:\WINDOWS\SYSTEM32\SspiCli.dll
0x00007ffda6d00000 - 0x00007ffda6d54000 	C:\WINDOWS\system32\SHLWAPI.dll
0x00007ffda68f0000 - 0x00007ffda6a67000 	C:\WINDOWS\system32\USER32.dll
0x00007ffda60a0000 - 0x00007ffda6234000 	C:\WINDOWS\system32\ole32.dll
0x00007ffda4620000 - 0x00007ffda5b38000 	C:\WINDOWS\system32\SHELL32.dll
0x00007ffda35b0000 - 0x00007ffda35d1000 	C:\WINDOWS\SYSTEM32\USERENV.dll
0x00007ffda5e70000 - 0x00007ffda5f1a000 	C:\WINDOWS\system32\ADVAPI32.dll
0x00007ffd97d70000 - 0x00007ffd97d8e000 	C:\WINDOWS\SYSTEM32\MPR.dll
0x00007ffda6a70000 - 0x00007ffda6bb1000 	C:\WINDOWS\system32\RPCRT4.dll
0x00007ffda6de0000 - 0x00007ffda6e39000 	C:\WINDOWS\SYSTEM32\sechost.dll
0x00007ffda63e0000 - 0x00007ffda65f1000 	C:\WINDOWS\SYSTEM32\combase.dll
0x00007ffda44c0000 - 0x00007ffda4611000 	C:\WINDOWS\system32\GDI32.dll
0x00007ffda3f90000 - 0x00007ffda3fa5000 	C:\WINDOWS\SYSTEM32\profapi.dll
0x00007ffda2a50000 - 0x00007ffda2b02000 	C:\WINDOWS\SYSTEM32\SHCORE.dll
0x00007ffda5c10000 - 0x00007ffda5c46000 	C:\WINDOWS\system32\IMM32.DLL
0x00007ffda5f40000 - 0x00007ffda6092000 	C:\WINDOWS\system32\MSCTF.dll
0x00007ffda14c0000 - 0x00007ffda173b000 	C:\WINDOWS\WinSxS\amd64_microsoft.windows.common-controls_6595b64144ccf1df_6.0.9600.17784_none_624760d1ecb7236e\COMCTL32.dll
0x000000006c1c0000 - 0x000000006c291000 	C:\Program Files\Java\jdk1.7.0_25\jre\bin\msvcr100.dll
0x000000006c4b0000 - 0x000000006cbbf000 	C:\Program Files\Java\jdk1.7.0_25\jre\bin\server\jvm.dll
0x00007ffd9ddf0000 - 0x00007ffd9ddf9000 	C:\WINDOWS\SYSTEM32\WSOCK32.dll
0x00007ffda0de0000 - 0x00007ffda0e02000 	C:\WINDOWS\SYSTEM32\WINMM.dll
0x00007ffda6310000 - 0x00007ffda6317000 	C:\WINDOWS\system32\PSAPI.DLL
0x00007ffda67e0000 - 0x00007ffda683a000 	C:\WINDOWS\system32\WS2_32.dll
0x00007ffda0db0000 - 0x00007ffda0dda000 	C:\WINDOWS\SYSTEM32\WINMMBASE.dll
0x00007ffda5b40000 - 0x00007ffda5b49000 	C:\WINDOWS\system32\NSI.dll
0x00007ffda4470000 - 0x00007ffda44bf000 	C:\WINDOWS\SYSTEM32\cfgmgr32.dll
0x00007ffda2d80000 - 0x00007ffda2da8000 	C:\WINDOWS\SYSTEM32\DEVOBJ.dll
0x000000006d1b0000 - 0x000000006d1bf000 	C:\Program Files\Java\jdk1.7.0_25\jre\bin\verify.dll
0x000000006d180000 - 0x000000006d1a8000 	C:\Program Files\Java\jdk1.7.0_25\jre\bin\java.dll
0x000000006d160000 - 0x000000006d175000 	C:\Program Files\Java\jdk1.7.0_25\jre\bin\zip.dll

VM Arguments:
jvm_args: -Xmx1024M -Dfile.encoding=UTF-8 -Duser.country=US -Duser.language=en -Duser.variant 
java_command: com.android.dx.command.Main --dex --output C:\Users\Edouard\Dropbox\Projets\BeeLee\v2\beelee\presentation\build\intermediates\pre-dexed\debug\butterknife-6.0.0-afacd64b30d43c53c635085db4fddc2246ea31a1.jar C:\Users\Edouard\.gradle\caches\modules-2\files-2.1\com.jakewharton\butterknife\6.0.0\3a10b25b6820e19102e118711afe6a66c0bae123\butterknife-6.0.0.jar
Launcher Type: SUN_STANDARD

Environment Variables:
JAVA_HOME=C:\Program Files\Java\jdk1.7.0_25
PATH=C:\ProgramData\Oracle\Java\javapath;C:\WINDOWS\system32;C:\WINDOWS;C:\WINDOWS\System32\Wbem;C:\WINDOWS\System32\WindowsPowerShell\v1.0\;C:\Program Files (x86)\Java\jre7\bin;C:\Program Files (x86)\Git\cmd;C:\Program Files\OpenVPN\bin;C:\Program Files (x86)\Dell\SysMgt\rac5;C:\Program Files (x86)\Skype\Phone\;C:\Program Files (x86)\Dell\AdvDiags\DSET\bin;C:\Program Files (x86)\Druide\Antidote
USERNAME=Edouard
OS=Windows_NT
PROCESSOR_IDENTIFIER=Intel64 Family 6 Model 37 Stepping 5, GenuineIntel



---------------  S Y S T E M  ---------------

OS: Windows 8 , 64 bit Build 9200 

CPU:total 4 (2 cores per cpu, 2 threads per core) family 6 model 37 stepping 5, cmov, cx8, fxsr, mmx, sse, sse2, sse3, ssse3, sse4.1, sse4.2, popcnt, ht, tsc, tscinvbit

Memory: 4k page, physical 8378192k(1600436k free), swap 13093712k(5452k free)

vm_info: Java HotSpot(TM) 64-Bit Server VM (23.25-b01) for windows-amd64 JRE (1.7.0_25-b17), built on Jun 21 2013 12:58:32 by "java_re" with unknown MS VC++:1600

time: Tue May 26 19:26:40 2015
elapsed time: 0 seconds

