#
# There is insufficient memory for the Java Runtime Environment to continue.
# Native memory allocation (malloc) failed to allocate 532576 bytes for Chunk::new
# Possible reasons:
#   The system is out of physical RAM or swap space
#   In 32 bit mode, the process size limit was hit
# Possible solutions:
#   Reduce memory load on the system
#   Increase physical memory or swap space
#   Check if swap backing store is full
#   Use 64 bit Java on a 64 bit OS
#   Decrease Java heap size (-Xmx/-Xms)
#   Decrease number of Java threads
#   Decrease Java thread stack sizes (-Xss)
#   Set larger code cache with -XX:ReservedCodeCacheSize=
# This output file may be truncated or incomplete.
#
#  Out of Memory Error (allocation.cpp:328), pid=7384, tid=7792
#
# JRE version: 7.0_25-b17
# Java VM: Java HotSpot(TM) 64-Bit Server VM (23.25-b01 mixed mode windows-amd64 compressed oops)
# Failed to write core dump. Minidumps are not enabled by default on client versions of Windows
#

---------------  T H R E A D  ---------------

Current thread (0x0000000008ba0000):  JavaThread "C2 CompilerThread0" daemon [_thread_in_native, id=7792, stack(0x000000000a150000,0x000000000a250000)]

Stack: [0x000000000a150000,0x000000000a250000]

Current CompileTask:
C2:   2745  147             com.android.dx.ssa.SsaConverter::placePhiFunctions (394 bytes)


---------------  P R O C E S S  ---------------

Java Threads: ( => current thread )
  0x0000000008bb6000 JavaThread "Service Thread" daemon [_thread_blocked, id=5204, stack(0x000000000a350000,0x000000000a450000)]
  0x0000000008ba2000 JavaThread "C2 CompilerThread1" daemon [_thread_in_native, id=5632, stack(0x000000000a250000,0x000000000a350000)]
=>0x0000000008ba0000 JavaThread "C2 CompilerThread0" daemon [_thread_in_native, id=7792, stack(0x000000000a150000,0x000000000a250000)]
  0x0000000008b9f000 JavaThread "Attach Listener" daemon [_thread_blocked, id=6296, stack(0x000000000a050000,0x000000000a150000)]
  0x0000000008b9c000 JavaThread "Signal Dispatcher" daemon [_thread_blocked, id=8164, stack(0x0000000009f50000,0x000000000a050000)]
  0x0000000008b32800 JavaThread "Finalizer" daemon [_thread_blocked, id=7152, stack(0x0000000009e50000,0x0000000009f50000)]
  0x0000000008b2f000 JavaThread "Reference Handler" daemon [_thread_blocked, id=5460, stack(0x0000000009d50000,0x0000000009e50000)]
  0x00000000026ce000 JavaThread "main" [_thread_in_Java, id=5876, stack(0x0000000002420000,0x0000000002520000)]

Other Threads:
  0x0000000008b27800 VMThread [stack: 0x0000000009c50000,0x0000000009d50000] [id=192]
  0x0000000008bbf000 WatcherThread [stack: 0x000000000a450000,0x000000000a550000] [id=8084]

VM state:not at safepoint (normal execution)

VM Mutex/Monitor currently owned by a thread: None

Heap
 PSYoungGen      total 38208K, used 19316K [0x00000000eaab0000, 0x00000000ed550000, 0x0000000100000000)
  eden space 32768K, 58% used [0x00000000eaab0000,0x00000000ebd8d098,0x00000000ecab0000)
  from space 5440K, 0% used [0x00000000ed000000,0x00000000ed000000,0x00000000ed550000)
  to   space 5440K, 0% used [0x00000000ecab0000,0x00000000ecab0000,0x00000000ed000000)
 ParOldGen       total 87296K, used 0K [0x00000000c0000000, 0x00000000c5540000, 0x00000000eaab0000)
  object space 87296K, 0% used [0x00000000c0000000,0x00000000c0000000,0x00000000c5540000)
 PSPermGen       total 21248K, used 5535K [0x00000000bae00000, 0x00000000bc2c0000, 0x00000000c0000000)
  object space 21248K, 26% used [0x00000000bae00000,0x00000000bb367cd0,0x00000000bc2c0000)

Card table byte_map: [0x0000000005790000,0x00000000059c0000] byte_map_base: 0x00000000051b9000

Polling page: 0x0000000000be0000

Code Cache  [0x00000000026d0000, 0x0000000002940000, 0x00000000056d0000)
 total_blobs=381 nmethods=149 adapters=183 free_code_cache=48535Kb largest_free_block=49672000

Compilation events (10 events):
Event: 2.680 Thread 0x0000000008ba2000  145             com.android.dx.rop.code.Insn::<init> (69 bytes)
Event: 2.681 Thread 0x0000000008ba2000 nmethod 145 0x000000000276a5d0 code [0x000000000276a700, 0x000000000276a7f8]
Event: 2.695 Thread 0x0000000008ba2000  146             com.android.dx.rop.code.BasicBlockList::labelToBlock (46 bytes)
Event: 2.697 Thread 0x0000000008ba2000 nmethod 146 0x0000000002768890 code [0x00000000027689e0, 0x0000000002768b18]
Event: 2.700 Thread 0x0000000008ba0000  147             com.android.dx.ssa.SsaConverter::placePhiFunctions (394 bytes)
Event: 2.703 Thread 0x0000000008ba2000  148             com.android.dx.rop.code.BasicBlock::getPrimarySuccessor (5 bytes)
Event: 2.704 Thread 0x0000000008ba2000 nmethod 148 0x0000000002766750 code [0x0000000002766880, 0x00000000027668d8]
Event: 2.706 Thread 0x0000000008ba2000  149             com.android.dx.ssa.DeadCodeRemover::access$000 (5 bytes)
Event: 2.710 Thread 0x0000000008ba2000 nmethod 149 0x0000000002768250 code [0x00000000027683a0, 0x0000000002768538]
Event: 2.727 Thread 0x0000000008ba2000  150             com.android.dx.ssa.SsaMethod::forEachBlockDepthFirst (194 bytes)

GC Heap History (0 events):
No events

Deoptimization events (7 events):
Event: 1.961 Thread 0x00000000026ce000 Uncommon trap -12 fr.pc 0x0000000002758b0c
Event: 2.475 Thread 0x00000000026ce000 Uncommon trap -34 fr.pc 0x000000000275a000
Event: 2.475 Thread 0x00000000026ce000 Uncommon trap -34 fr.pc 0x0000000002742874
Event: 2.614 Thread 0x00000000026ce000 Uncommon trap -34 fr.pc 0x000000000276c9d0
Event: 2.628 Thread 0x00000000026ce000 Uncommon trap -34 fr.pc 0x000000000276c9d0
Event: 2.635 Thread 0x00000000026ce000 Uncommon trap -34 fr.pc 0x000000000276c9d0
Event: 2.729 Thread 0x00000000026ce000 Uncommon trap -34 fr.pc 0x000000000276c9d0

Internal exceptions (10 events):
Event: 0.995 Thread 0x00000000026ce000 Threw 0x00000000eb20c8f0 at C:\jdk7u2_64p\jdk7u25\hotspot\src\share\vm\prims\jvm.cpp:1235
Event: 0.996 Thread 0x00000000026ce000 Threw 0x00000000eb210cb8 at C:\jdk7u2_64p\jdk7u25\hotspot\src\share\vm\prims\jvm.cpp:1235
Event: 0.998 Thread 0x00000000026ce000 Threw 0x00000000eb216f40 at C:\jdk7u2_64p\jdk7u25\hotspot\src\share\vm\prims\jvm.cpp:1235
Event: 1.053 Thread 0x00000000026ce000 Threw 0x00000000eb266d00 at C:\jdk7u2_64p\jdk7u25\hotspot\src\share\vm\prims\jvm.cpp:1235
Event: 1.054 Thread 0x00000000026ce000 Threw 0x00000000eb2690e8 at C:\jdk7u2_64p\jdk7u25\hotspot\src\share\vm\prims\jvm.cpp:1235
Event: 1.228 Thread 0x00000000026ce000 Threw 0x00000000eb337648 at C:\jdk7u2_64p\jdk7u25\hotspot\src\share\vm\prims\jvm.cpp:1235
Event: 1.229 Thread 0x00000000026ce000 Threw 0x00000000eb33da58 at C:\jdk7u2_64p\jdk7u25\hotspot\src\share\vm\prims\jvm.cpp:1235
Event: 1.283 Thread 0x00000000026ce000 Threw 0x00000000eb3a64e8 at C:\jdk7u2_64p\jdk7u25\hotspot\src\share\vm\prims\jvm.cpp:1235
Event: 1.924 Thread 0x00000000026ce000 Threw 0x00000000eb6ff9a8 at C:\jdk7u2_64p\jdk7u25\hotspot\src\share\vm\prims\jvm.cpp:1235
Event: 1.961 Thread 0x00000000026ce000 Implicit null exception at 0x00000000027587aa to 0x0000000002758af9

Events (10 events):
Event: 2.475 Thread 0x00000000026ce000 DEOPT PACKING pc=0x0000000002742874 sp=0x000000000251eba0
Event: 2.475 Thread 0x00000000026ce000 DEOPT UNPACKING pc=0x0000000002709164 sp=0x000000000251eaf0 mode 2
Event: 2.615 Thread 0x00000000026ce000 DEOPT PACKING pc=0x000000000276c9d0 sp=0x000000000251ed60
Event: 2.615 Thread 0x00000000026ce000 DEOPT UNPACKING pc=0x0000000002709164 sp=0x000000000251ecd8 mode 2
Event: 2.628 Thread 0x00000000026ce000 DEOPT PACKING pc=0x000000000276c9d0 sp=0x000000000251ed60
Event: 2.628 Thread 0x00000000026ce000 DEOPT UNPACKING pc=0x0000000002709164 sp=0x000000000251ecd8 mode 2
Event: 2.635 Thread 0x00000000026ce000 DEOPT PACKING pc=0x000000000276c9d0 sp=0x000000000251ed60
Event: 2.635 Thread 0x00000000026ce000 DEOPT UNPACKING pc=0x0000000002709164 sp=0x000000000251ecd8 mode 2
Event: 2.729 Thread 0x00000000026ce000 DEOPT PACKING pc=0x000000000276c9d0 sp=0x000000000251ed60
Event: 2.729 Thread 0x00000000026ce000 DEOPT UNPACKING pc=0x0000000002709164 sp=0x000000000251ecd8 mode 2


Dynamic libraries:
0x00007ff6c5f10000 - 0x00007ff6c5f43000 	C:\Program Files\Java\jdk1.7.0_25\bin\java.exe
0x00007ffda6e40000 - 0x00007ffda6fec000 	C:\WINDOWS\SYSTEM32\ntdll.dll
0x00007ffda6bc0000 - 0x00007ffda6cfe000 	C:\WINDOWS\system32\KERNEL32.DLL
0x00007ffda4060000 - 0x00007ffda4175000 	C:\WINDOWS\system32\KERNELBASE.dll
0x00007ffda2b30000 - 0x00007ffda2bbe000 	C:\WINDOWS\system32\apphelp.dll
0x00007ffd8eed0000 - 0x00007ffd8ef23000 	C:\WINDOWS\AppPatch\AppPatch64\AcGenral.DLL
0x00007ffda6840000 - 0x00007ffda68ea000 	C:\WINDOWS\system32\msvcrt.dll
0x00007ffda3e30000 - 0x00007ffda3e5e000 	C:\WINDOWS\SYSTEM32\SspiCli.dll
0x00007ffda6d00000 - 0x00007ffda6d54000 	C:\WINDOWS\system32\SHLWAPI.dll
0x00007ffda68f0000 - 0x00007ffda6a67000 	C:\WINDOWS\system32\USER32.dll
0x00007ffda60a0000 - 0x00007ffda6234000 	C:\WINDOWS\system32\ole32.dll
0x00007ffda4620000 - 0x00007ffda5b38000 	C:\WINDOWS\system32\SHELL32.dll
0x00007ffda35b0000 - 0x00007ffda35d1000 	C:\WINDOWS\SYSTEM32\USERENV.dll
0x00007ffda5e70000 - 0x00007ffda5f1a000 	C:\WINDOWS\system32\ADVAPI32.dll
0x00007ffd97d70000 - 0x00007ffd97d8e000 	C:\WINDOWS\SYSTEM32\MPR.dll
0x00007ffda6a70000 - 0x00007ffda6bb1000 	C:\WINDOWS\system32\RPCRT4.dll
0x00007ffda6de0000 - 0x00007ffda6e39000 	C:\WINDOWS\SYSTEM32\sechost.dll
0x00007ffda63e0000 - 0x00007ffda65f1000 	C:\WINDOWS\SYSTEM32\combase.dll
0x00007ffda44c0000 - 0x00007ffda4611000 	C:\WINDOWS\system32\GDI32.dll
0x00007ffda3f90000 - 0x00007ffda3fa5000 	C:\WINDOWS\SYSTEM32\profapi.dll
0x00007ffda2a50000 - 0x00007ffda2b02000 	C:\WINDOWS\SYSTEM32\SHCORE.dll
0x00007ffda5c10000 - 0x00007ffda5c46000 	C:\WINDOWS\system32\IMM32.DLL
0x00007ffda5f40000 - 0x00007ffda6092000 	C:\WINDOWS\system32\MSCTF.dll
0x00007ffda14c0000 - 0x00007ffda173b000 	C:\WINDOWS\WinSxS\amd64_microsoft.windows.common-controls_6595b64144ccf1df_6.0.9600.17784_none_624760d1ecb7236e\COMCTL32.dll
0x000000006c1c0000 - 0x000000006c291000 	C:\Program Files\Java\jdk1.7.0_25\jre\bin\msvcr100.dll
0x000000006c4b0000 - 0x000000006cbbf000 	C:\Program Files\Java\jdk1.7.0_25\jre\bin\server\jvm.dll
0x00007ffd9ddf0000 - 0x00007ffd9ddf9000 	C:\WINDOWS\SYSTEM32\WSOCK32.dll
0x00007ffda0de0000 - 0x00007ffda0e02000 	C:\WINDOWS\SYSTEM32\WINMM.dll
0x00007ffda6310000 - 0x00007ffda6317000 	C:\WINDOWS\system32\PSAPI.DLL
0x00007ffda67e0000 - 0x00007ffda683a000 	C:\WINDOWS\system32\WS2_32.dll
0x00007ffda0db0000 - 0x00007ffda0dda000 	C:\WINDOWS\SYSTEM32\WINMMBASE.dll
0x00007ffda5b40000 - 0x00007ffda5b49000 	C:\WINDOWS\system32\NSI.dll
0x00007ffda4470000 - 0x00007ffda44bf000 	C:\WINDOWS\SYSTEM32\cfgmgr32.dll
0x00007ffda2d80000 - 0x00007ffda2da8000 	C:\WINDOWS\SYSTEM32\DEVOBJ.dll
0x000000006d1b0000 - 0x000000006d1bf000 	C:\Program Files\Java\jdk1.7.0_25\jre\bin\verify.dll
0x000000006d180000 - 0x000000006d1a8000 	C:\Program Files\Java\jdk1.7.0_25\jre\bin\java.dll
0x000000006d160000 - 0x000000006d175000 	C:\Program Files\Java\jdk1.7.0_25\jre\bin\zip.dll
0x000000006d140000 - 0x000000006d159000 	C:\Program Files\Java\jdk1.7.0_25\jre\bin\net.dll
0x00007ffda3870000 - 0x00007ffda38c9000 	C:\WINDOWS\system32\mswsock.dll
0x000000006d120000 - 0x000000006d131000 	C:\Program Files\Java\jdk1.7.0_25\jre\bin\nio.dll

VM Arguments:
jvm_args: -Xmx1024M -Dfile.encoding=UTF-8 -Duser.country=US -Duser.language=en -Duser.variant 
java_command: com.android.dx.command.Main --dex --output C:\Users\Edouard\Dropbox\Projets\BeeLee\v2\beelee\presentation\build\intermediates\pre-dexed\debug\classes-0605cb061d3665ceda88b6d13a707156284b27dc.jar C:\Users\Edouard\Dropbox\Projets\BeeLee\v2\beelee\presentation\build\intermediates\exploded-aar\beelee\ParseLoginUI\unspecified\jars\classes.jar
Launcher Type: SUN_STANDARD

Environment Variables:
JAVA_HOME=C:\Program Files\Java\jdk1.7.0_25
PATH=C:\ProgramData\Oracle\Java\javapath;C:\WINDOWS\system32;C:\WINDOWS;C:\WINDOWS\System32\Wbem;C:\WINDOWS\System32\WindowsPowerShell\v1.0\;C:\Program Files (x86)\Java\jre7\bin;C:\Program Files (x86)\Git\cmd;C:\Program Files\OpenVPN\bin;C:\Program Files (x86)\Dell\SysMgt\rac5;C:\Program Files (x86)\Skype\Phone\;C:\Program Files (x86)\Dell\AdvDiags\DSET\bin;C:\Program Files (x86)\Druide\Antidote
USERNAME=Edouard
OS=Windows_NT
PROCESSOR_IDENTIFIER=Intel64 Family 6 Model 37 Stepping 5, GenuineIntel



---------------  S Y S T E M  ---------------

OS: Windows 8 , 64 bit Build 9200 

CPU:total 4 (2 cores per cpu, 2 threads per core) family 6 model 37 stepping 5, cmov, cx8, fxsr, mmx, sse, sse2, sse3, ssse3, sse4.1, sse4.2, popcnt, ht, tsc, tscinvbit

Memory: 4k page, physical 8378192k(1414032k free), swap 13093712k(5552k free)

vm_info: Java HotSpot(TM) 64-Bit Server VM (23.25-b01) for windows-amd64 JRE (1.7.0_25-b17), built on Jun 21 2013 12:58:32 by "java_re" with unknown MS VC++:1600

time: Tue May 26 19:31:47 2015
elapsed time: 2 seconds

