#
# There is insufficient memory for the Java Runtime Environment to continue.
# Native memory allocation (malloc) failed to allocate 474384 bytes for Chunk::new
# Possible reasons:
#   The system is out of physical RAM or swap space
#   In 32 bit mode, the process size limit was hit
# Possible solutions:
#   Reduce memory load on the system
#   Increase physical memory or swap space
#   Check if swap backing store is full
#   Use 64 bit Java on a 64 bit OS
#   Decrease Java heap size (-Xmx/-Xms)
#   Decrease number of Java threads
#   Decrease Java thread stack sizes (-Xss)
#   Set larger code cache with -XX:ReservedCodeCacheSize=
# This output file may be truncated or incomplete.
#
#  Out of Memory Error (allocation.cpp:328), pid=3424, tid=2284
#
# JRE version: 7.0_25-b17
# Java VM: Java HotSpot(TM) 64-Bit Server VM (23.25-b01 mixed mode windows-amd64 compressed oops)
# Failed to write core dump. Minidumps are not enabled by default on client versions of Windows
#

---------------  T H R E A D  ---------------

Current thread (0x00000000087f0000):  JavaThread "C2 CompilerThread0" daemon [_thread_in_native, id=2284, stack(0x0000000009db0000,0x0000000009eb0000)]

Stack: [0x0000000009db0000,0x0000000009eb0000]

Current CompileTask:
C2:   3397  200             com.android.dx.ssa.SsaBasicBlock::newFromRop (183 bytes)


---------------  P R O C E S S  ---------------

Java Threads: ( => current thread )
  0x0000000008802800 JavaThread "Service Thread" daemon [_thread_blocked, id=5480, stack(0x0000000009fb0000,0x000000000a0b0000)]
  0x00000000087fa000 JavaThread "C2 CompilerThread1" daemon [_thread_in_native, id=5608, stack(0x0000000009eb0000,0x0000000009fb0000)]
=>0x00000000087f0000 JavaThread "C2 CompilerThread0" daemon [_thread_in_native, id=2284, stack(0x0000000009db0000,0x0000000009eb0000)]
  0x00000000087ef000 JavaThread "Attach Listener" daemon [_thread_blocked, id=6792, stack(0x0000000009cb0000,0x0000000009db0000)]
  0x00000000087ec000 JavaThread "Signal Dispatcher" daemon [_thread_blocked, id=4584, stack(0x0000000009bb0000,0x0000000009cb0000)]
  0x0000000008788000 JavaThread "Finalizer" daemon [_thread_blocked, id=4448, stack(0x0000000009ab0000,0x0000000009bb0000)]
  0x000000000877f000 JavaThread "Reference Handler" daemon [_thread_blocked, id=5976, stack(0x00000000099b0000,0x0000000009ab0000)]
  0x00000000021be000 JavaThread "main" [_thread_in_Java, id=5580, stack(0x00000000020b0000,0x00000000021b0000)]

Other Threads:
  0x0000000008777800 VMThread [stack: 0x00000000098b0000,0x00000000099b0000] [id=4508]
  0x000000000880f000 WatcherThread [stack: 0x000000000a0b0000,0x000000000a1b0000] [id=6244]

VM state:not at safepoint (normal execution)

VM Mutex/Monitor currently owned by a thread: None

Heap
 PSYoungGen      total 38208K, used 24344K [0x00000000eaab0000, 0x00000000ed550000, 0x0000000100000000)
  eden space 32768K, 74% used [0x00000000eaab0000,0x00000000ec276100,0x00000000ecab0000)
  from space 5440K, 0% used [0x00000000ed000000,0x00000000ed000000,0x00000000ed550000)
  to   space 5440K, 0% used [0x00000000ecab0000,0x00000000ecab0000,0x00000000ed000000)
 ParOldGen       total 87296K, used 0K [0x00000000c0000000, 0x00000000c5540000, 0x00000000eaab0000)
  object space 87296K, 0% used [0x00000000c0000000,0x00000000c0000000,0x00000000c5540000)
 PSPermGen       total 21248K, used 5591K [0x00000000bae00000, 0x00000000bc2c0000, 0x00000000c0000000)
  object space 21248K, 26% used [0x00000000bae00000,0x00000000bb375c80,0x00000000bc2c0000)

Card table byte_map: [0x00000000053b0000,0x00000000055e0000] byte_map_base: 0x0000000004dd9000

Polling page: 0x00000000021c0000

Code Cache  [0x00000000022f0000, 0x0000000002560000, 0x00000000052f0000)
 total_blobs=430 nmethods=198 adapters=183 free_code_cache=48314Kb largest_free_block=49447232

Compilation events (10 events):
Event: 3.289 Thread 0x00000000087f0000 nmethod 195 0x000000000239ef90 code [0x000000000239f0e0, 0x000000000239f158]
Event: 3.289 Thread 0x00000000087f0000  196             com.android.dx.ssa.SsaBasicBlock::forEachPhiInsn (54 bytes)
Event: 3.298 Thread 0x00000000087f0000 nmethod 196 0x00000000023a0690 code [0x00000000023a0820, 0x00000000023a0ce8]
Event: 3.323 Thread 0x00000000087f0000  197             com.android.dx.util.Bits::clear (21 bytes)
Event: 3.324 Thread 0x00000000087f0000 nmethod 197 0x00000000023c4850 code [0x00000000023c4980, 0x00000000023c4a18]
Event: 3.342 Thread 0x00000000087f0000  198             com.android.dx.rop.code.Rop::isCallLike (5 bytes)
Event: 3.342 Thread 0x00000000087f0000 nmethod 198 0x00000000023af2d0 code [0x00000000023af400, 0x00000000023af458]
Event: 3.344 Thread 0x00000000087f0000  199   !         com.android.dx.rop.code.BasicBlock::<init> (273 bytes)
Event: 3.355 Thread 0x00000000087f0000 nmethod 199 0x00000000023c5450 code [0x00000000023c55c0, 0x00000000023c5b18]
Event: 3.355 Thread 0x00000000087f0000  200             com.android.dx.ssa.SsaBasicBlock::newFromRop (183 bytes)

GC Heap History (0 events):
No events

Deoptimization events (3 events):
Event: 1.335 Thread 0x00000000021be000 Uncommon trap -12 fr.pc 0x000000000236c328
Event: 3.021 Thread 0x00000000021be000 Uncommon trap -12 fr.pc 0x000000000239b3ac
Event: 3.088 Thread 0x00000000021be000 Uncommon trap -12 fr.pc 0x00000000023a3260

Internal exceptions (10 events):
Event: 0.859 Thread 0x00000000021be000 Threw 0x00000000eb277fc0 at C:\jdk7u2_64p\jdk7u25\hotspot\src\share\vm\prims\jvm.cpp:1235
Event: 0.860 Thread 0x00000000021be000 Threw 0x00000000eb27a320 at C:\jdk7u2_64p\jdk7u25\hotspot\src\share\vm\prims\jvm.cpp:1235
Event: 0.884 Thread 0x00000000021be000 Threw 0x00000000eb27f398 at C:\jdk7u2_64p\jdk7u25\hotspot\src\share\vm\prims\jvm.cpp:1235
Event: 0.934 Thread 0x00000000021be000 Threw 0x00000000eb2cff28 at C:\jdk7u2_64p\jdk7u25\hotspot\src\share\vm\prims\jvm.cpp:1235
Event: 1.009 Thread 0x00000000021be000 Threw 0x00000000eb2fe798 at C:\jdk7u2_64p\jdk7u25\hotspot\src\share\vm\prims\jvm.cpp:1235
Event: 1.039 Thread 0x00000000021be000 Threw 0x00000000eb325d08 at C:\jdk7u2_64p\jdk7u25\hotspot\src\share\vm\prims\jvm.cpp:1235
Event: 1.335 Thread 0x00000000021be000 Implicit null exception at 0x000000000236bfbe to 0x000000000236c311
Event: 1.475 Thread 0x00000000021be000 Threw 0x00000000eb5901d0 at C:\jdk7u2_64p\jdk7u25\hotspot\src\share\vm\prims\jvm.cpp:1235
Event: 3.021 Thread 0x00000000021be000 Implicit null exception at 0x000000000239a406 to 0x000000000239b37d
Event: 3.088 Thread 0x00000000021be000 Implicit null exception at 0x00000000023a1fb3 to 0x00000000023a3229

Events (10 events):
Event: 1.336 Thread 0x00000000021be000 DEOPT PACKING pc=0x000000000236c328 sp=0x00000000021aea50
Event: 1.336 Thread 0x00000000021be000 DEOPT UNPACKING pc=0x0000000002329164 sp=0x00000000021ae9a0 mode 2
Event: 1.475 loading class 0x0000000008844e30
Event: 1.475 loading class 0x0000000008844e30 done
Event: 1.568 loading class 0x00000000086cb390
Event: 1.568 loading class 0x00000000086cb390 done
Event: 3.021 Thread 0x00000000021be000 DEOPT PACKING pc=0x000000000239b3ac sp=0x00000000021aec00
Event: 3.021 Thread 0x00000000021be000 DEOPT UNPACKING pc=0x0000000002329164 sp=0x00000000021aeb18 mode 2
Event: 3.088 Thread 0x00000000021be000 DEOPT PACKING pc=0x00000000023a3260 sp=0x00000000021aeb50
Event: 3.088 Thread 0x00000000021be000 DEOPT UNPACKING pc=0x0000000002329164 sp=0x00000000021ae8e8 mode 2


Dynamic libraries:
0x00007ff6c5f10000 - 0x00007ff6c5f43000 	C:\Program Files\Java\jdk1.7.0_25\bin\java.exe
0x00007ffda6e40000 - 0x00007ffda6fec000 	C:\WINDOWS\SYSTEM32\ntdll.dll
0x00007ffda6bc0000 - 0x00007ffda6cfe000 	C:\WINDOWS\system32\KERNEL32.DLL
0x00007ffda4060000 - 0x00007ffda4175000 	C:\WINDOWS\system32\KERNELBASE.dll
0x00007ffda2b30000 - 0x00007ffda2bbe000 	C:\WINDOWS\system32\apphelp.dll
0x00007ffd8eed0000 - 0x00007ffd8ef23000 	C:\WINDOWS\AppPatch\AppPatch64\AcGenral.DLL
0x00007ffda6840000 - 0x00007ffda68ea000 	C:\WINDOWS\system32\msvcrt.dll
0x00007ffda3e30000 - 0x00007ffda3e5e000 	C:\WINDOWS\SYSTEM32\SspiCli.dll
0x00007ffda6d00000 - 0x00007ffda6d54000 	C:\WINDOWS\system32\SHLWAPI.dll
0x00007ffda68f0000 - 0x00007ffda6a67000 	C:\WINDOWS\system32\USER32.dll
0x00007ffda60a0000 - 0x00007ffda6234000 	C:\WINDOWS\system32\ole32.dll
0x00007ffda4620000 - 0x00007ffda5b38000 	C:\WINDOWS\system32\SHELL32.dll
0x00007ffda35b0000 - 0x00007ffda35d1000 	C:\WINDOWS\SYSTEM32\USERENV.dll
0x00007ffda5e70000 - 0x00007ffda5f1a000 	C:\WINDOWS\system32\ADVAPI32.dll
0x00007ffd97d70000 - 0x00007ffd97d8e000 	C:\WINDOWS\SYSTEM32\MPR.dll
0x00007ffda6a70000 - 0x00007ffda6bb1000 	C:\WINDOWS\system32\RPCRT4.dll
0x00007ffda6de0000 - 0x00007ffda6e39000 	C:\WINDOWS\SYSTEM32\sechost.dll
0x00007ffda63e0000 - 0x00007ffda65f1000 	C:\WINDOWS\SYSTEM32\combase.dll
0x00007ffda44c0000 - 0x00007ffda4611000 	C:\WINDOWS\system32\GDI32.dll
0x00007ffda3f90000 - 0x00007ffda3fa5000 	C:\WINDOWS\SYSTEM32\profapi.dll
0x00007ffda2a50000 - 0x00007ffda2b02000 	C:\WINDOWS\SYSTEM32\SHCORE.dll
0x00007ffda5c10000 - 0x00007ffda5c46000 	C:\WINDOWS\system32\IMM32.DLL
0x00007ffda5f40000 - 0x00007ffda6092000 	C:\WINDOWS\system32\MSCTF.dll
0x00007ffda14c0000 - 0x00007ffda173b000 	C:\WINDOWS\WinSxS\amd64_microsoft.windows.common-controls_6595b64144ccf1df_6.0.9600.17784_none_624760d1ecb7236e\COMCTL32.dll
0x000000006c1c0000 - 0x000000006c291000 	C:\Program Files\Java\jdk1.7.0_25\jre\bin\msvcr100.dll
0x000000006c4b0000 - 0x000000006cbbf000 	C:\Program Files\Java\jdk1.7.0_25\jre\bin\server\jvm.dll
0x00007ffd9ddf0000 - 0x00007ffd9ddf9000 	C:\WINDOWS\SYSTEM32\WSOCK32.dll
0x00007ffda0de0000 - 0x00007ffda0e02000 	C:\WINDOWS\SYSTEM32\WINMM.dll
0x00007ffda6310000 - 0x00007ffda6317000 	C:\WINDOWS\system32\PSAPI.DLL
0x00007ffda67e0000 - 0x00007ffda683a000 	C:\WINDOWS\system32\WS2_32.dll
0x00007ffda0db0000 - 0x00007ffda0dda000 	C:\WINDOWS\SYSTEM32\WINMMBASE.dll
0x00007ffda5b40000 - 0x00007ffda5b49000 	C:\WINDOWS\system32\NSI.dll
0x00007ffda4470000 - 0x00007ffda44bf000 	C:\WINDOWS\SYSTEM32\cfgmgr32.dll
0x00007ffda2d80000 - 0x00007ffda2da8000 	C:\WINDOWS\SYSTEM32\DEVOBJ.dll
0x000000006d1b0000 - 0x000000006d1bf000 	C:\Program Files\Java\jdk1.7.0_25\jre\bin\verify.dll
0x000000006d180000 - 0x000000006d1a8000 	C:\Program Files\Java\jdk1.7.0_25\jre\bin\java.dll
0x000000006d160000 - 0x000000006d175000 	C:\Program Files\Java\jdk1.7.0_25\jre\bin\zip.dll
0x000000006d140000 - 0x000000006d159000 	C:\Program Files\Java\jdk1.7.0_25\jre\bin\net.dll
0x00007ffda3870000 - 0x00007ffda38c9000 	C:\WINDOWS\system32\mswsock.dll
0x000000006d120000 - 0x000000006d131000 	C:\Program Files\Java\jdk1.7.0_25\jre\bin\nio.dll

VM Arguments:
jvm_args: -Xmx1024M -Dfile.encoding=UTF-8 -Duser.country=US -Duser.language=en -Duser.variant 
java_command: com.android.dx.command.Main --dex --output C:\Users\Edouard\Dropbox\Projets\BeeLee\v2\beelee\presentation\build\intermediates\pre-dexed\debug\butterknife-6.0.0-afacd64b30d43c53c635085db4fddc2246ea31a1.jar C:\Users\Edouard\.gradle\caches\modules-2\files-2.1\com.jakewharton\butterknife\6.0.0\3a10b25b6820e19102e118711afe6a66c0bae123\butterknife-6.0.0.jar
Launcher Type: SUN_STANDARD

Environment Variables:
JAVA_HOME=C:\Program Files\Java\jdk1.7.0_25
PATH=C:\ProgramData\Oracle\Java\javapath;C:\WINDOWS\system32;C:\WINDOWS;C:\WINDOWS\System32\Wbem;C:\WINDOWS\System32\WindowsPowerShell\v1.0\;C:\Program Files (x86)\Java\jre7\bin;C:\Program Files (x86)\Git\cmd;C:\Program Files\OpenVPN\bin;C:\Program Files (x86)\Dell\SysMgt\rac5;C:\Program Files (x86)\Skype\Phone\;C:\Program Files (x86)\Dell\AdvDiags\DSET\bin;C:\Program Files (x86)\Druide\Antidote
USERNAME=Edouard
OS=Windows_NT
PROCESSOR_IDENTIFIER=Intel64 Family 6 Model 37 Stepping 5, GenuineIntel



---------------  S Y S T E M  ---------------

OS: Windows 8 , 64 bit Build 9200 

CPU:total 4 (2 cores per cpu, 2 threads per core) family 6 model 37 stepping 5, cmov, cx8, fxsr, mmx, sse, sse2, sse3, ssse3, sse4.1, sse4.2, popcnt, ht, tsc, tscinvbit

Memory: 4k page, physical 8378192k(1445320k free), swap 13093712k(5468k free)

vm_info: Java HotSpot(TM) 64-Bit Server VM (23.25-b01) for windows-amd64 JRE (1.7.0_25-b17), built on Jun 21 2013 12:58:32 by "java_re" with unknown MS VC++:1600

time: Tue May 26 19:31:10 2015
elapsed time: 3 seconds

